This is pdfTeX, Version 3.14159265-2.6-1.40.20 (TeX Live 2019/Debian) (preloaded format=pdflatex)
 \write18 enabled.
entering extended mode
(./cixin_liu_1_BNr7-tangle.tex
LaTeX2e <2020-02-02> patch level 2
L3 programming layer <2020-02-14>
(/usr/share/texlive/texmf-dist/tex/latex/base/article.cls
Document Class: article 2019/12/20 v1.4l Standard LaTeX document class
(/usr/share/texlive/texmf-dist/tex/latex/base/size10.clo))
(/usr/share/texlive/texmf-dist/tex/latex/auto-pst-pdf/auto-pst-pdf.sty
(/usr/share/texlive/texmf-dist/tex/generic/iftex/ifpdf.sty
(/usr/share/texlive/texmf-dist/tex/generic/iftex/iftex.sty))
(/usr/share/texlive/texmf-dist/tex/latex/xkeyval/xkeyval.sty
(/usr/share/texlive/texmf-dist/tex/generic/xkeyval/xkeyval.tex
(/usr/share/texlive/texmf-dist/tex/generic/xkeyval/xkvutils.tex
(/usr/share/texlive/texmf-dist/tex/generic/xkeyval/keyval.tex))))
(/usr/share/texlive/texmf-dist/tex/latex/ifplatform/ifplatform.sty
(/usr/share/texlive/texmf-dist/tex/latex/tools/shellesc.sty)
(/usr/share/texlive/texmf-dist/tex/latex/pdftexcmds/pdftexcmds.sty
(/usr/share/texlive/texmf-dist/tex/generic/infwarerr/infwarerr.sty)
(/usr/share/texlive/texmf-dist/tex/generic/ltxcmds/ltxcmds.sty))
(/usr/share/texlive/texmf-dist/tex/generic/catchfile/catchfile.sty
(/usr/share/texlive/texmf-dist/tex/generic/etexcmds/etexcmds.sty))
(/usr/share/texlive/texmf-dist/tex/generic/iftex/ifluatex.sty)
(./cixin_liu_1_BNr7-tangle.w18)) 
-------------------------------------------------
auto-pst-pdf: Auxiliary LaTeX compilation
-------------------------------------------------
This is pdfTeX, Version 3.14159265-2.6-1.40.20 (TeX Live 2019/Debian) (preloaded format=latex)
entering extended mode
This is dvips(k) 5.999 Copyright 2019 Radical Eye Software (www.radicaleye.com)
' TeX output 2020.07.20:1803' -> cixin_liu_1_BNr7-tangle-autopp.ps
</usr/share/texlive/texmf-dist/dvips/base/tex.pro>
</usr/share/texlive/texmf-dist/dvips/config/alt-rule.pro>
</usr/share/texlive/texmf-dist/dvips/pstricks/pstricks.pro>
</usr/share/texlive/texmf-dist/dvips/pstricks/pst-algparser.pro>
</usr/share/texlive/texmf-dist/dvips/pst-tools/pst-tools.pro>
</usr/share/texlive/texmf-dist/dvips/pstricks/pst-dots.pro>
</usr/share/texlive/texmf-dist/dvips/pst-node/pst-node.pro>
</usr/share/texlive/texmf-dist/dvips/base/texps.pro>
</usr/share/texlive/texmf-dist/dvips/base/special.pro>
</usr/share/texlive/texmf-dist/dvips/base/color.pro>. 
</usr/share/texlive/texmf-dist/fonts/type1/public/amsfonts/cm/cmss10.pfb>
</usr/share/texlive/texmf-dist/fonts/type1/public/amsfonts/cm/cmssbx10.pfb>
[1] 
-------------------------------------------------
auto-pst-pdf: End auxiliary LaTeX compilation
-------------------------------------------------

(/usr/share/texlive/texmf-dist/tex/latex/pst-pdf/pst-pdf.sty
(/usr/share/texlive/texmf-dist/tex/generic/iftex/ifxetex.sty)
(/usr/share/texlive/texmf-dist/tex/generic/iftex/ifvtex.sty)
(/usr/share/texlive/texmf-dist/tex/generic/luatex85/luatex85.sty)
(/usr/share/texlive/texmf-dist/tex/latex/graphics/graphicx.sty
(/usr/share/texlive/texmf-dist/tex/latex/graphics/graphics.sty
(/usr/share/texlive/texmf-dist/tex/latex/graphics/trig.sty)
(/usr/share/texlive/texmf-dist/tex/latex/graphics-cfg/graphics.cfg)
(/usr/share/texlive/texmf-dist/tex/latex/graphics-def/pdftex.def)))
(/usr/share/texlive/texmf-dist/tex/latex/pstricks/pstricks.sty
(/usr/share/texlive/texmf-dist/tex/latex/xcolor/xcolor.sty
(/usr/share/texlive/texmf-dist/tex/latex/graphics-cfg/color.cfg))
(/usr/share/texlive/texmf-dist/tex/generic/xkeyval/pst-xkey.tex)
(/usr/share/texlive/texmf-dist/tex/generic/pstricks/pstricks.tex
(/usr/share/texlive/texmf-dist/tex/generic/pstricks/pst-fp.tex
`pst-fp' v0.05, 2010/01/17 (hv))
(/usr/share/texlive/texmf-dist/tex/generic/pgf/utilities/pgfutil-common.tex
(/usr/share/texlive/texmf-dist/tex/generic/pgf/utilities/pgfutil-common-lists.t
ex)) (/usr/share/texlive/texmf-dist/tex/generic/pgf/utilities/pgfkeys.code.tex
(/usr/share/texlive/texmf-dist/tex/generic/pgf/utilities/pgfkeysfiltered.code.t
ex)) (/usr/share/texlive/texmf-dist/tex/generic/pgf/utilities/pgffor.code.tex
Loading pgffor.code.tex
(/usr/share/texlive/texmf-dist/tex/generic/pgf/math/pgfmath.code.tex
(/usr/share/texlive/texmf-dist/tex/generic/pgf/math/pgfmathcalc.code.tex
(/usr/share/texlive/texmf-dist/tex/generic/pgf/math/pgfmathutil.code.tex)
(/usr/share/texlive/texmf-dist/tex/generic/pgf/math/pgfmathparser.code.tex)
(/usr/share/texlive/texmf-dist/tex/generic/pgf/math/pgfmathfunctions.code.tex
(/usr/share/texlive/texmf-dist/tex/generic/pgf/math/pgfmathfunctions.basic.code
.tex)
(/usr/share/texlive/texmf-dist/tex/generic/pgf/math/pgfmathfunctions.trigonomet
ric.code.tex)
(/usr/share/texlive/texmf-dist/tex/generic/pgf/math/pgfmathfunctions.random.cod
e.tex)
(/usr/share/texlive/texmf-dist/tex/generic/pgf/math/pgfmathfunctions.comparison
.code.tex)
(/usr/share/texlive/texmf-dist/tex/generic/pgf/math/pgfmathfunctions.base.code.
tex)
(/usr/share/texlive/texmf-dist/tex/generic/pgf/math/pgfmathfunctions.round.code
.tex)
(/usr/share/texlive/texmf-dist/tex/generic/pgf/math/pgfmathfunctions.misc.code.
tex)
(/usr/share/texlive/texmf-dist/tex/generic/pgf/math/pgfmathfunctions.integerari
thmetics.code.tex)))
(/usr/share/texlive/texmf-dist/tex/generic/pgf/math/pgfmathfloat.code.tex)))
`PSTricks' v2.97  <2019/05/11> (tvz,hv)
(/usr/share/texlive/texmf-dist/tex/generic/pstricks/pstricks.con))
(/usr/share/texlive/texmf-dist/tex/generic/pstricks/pst-fp.tex))
(/usr/share/texmf/tex/latex/preview/preview.sty)
(/usr/share/texlive/texmf-dist/tex/latex/graphics-def/dvips.def)
(/usr/share/texlive/texmf-dist/tex/latex/environ/environ.sty
(/usr/share/texlive/texmf-dist/tex/latex/trimspaces/trimspaces.sty))))
(/usr/share/texlive/texmf-dist/tex/latex/pst-node/pst-node.sty
(/usr/share/texlive/texmf-dist/tex/generic/pst-node/pst-node.tex
 v1.42, 2019/03/03))
(/usr/share/texlive/texmf-dist/tex/latex/graphics/rotating.sty
(/usr/share/texlive/texmf-dist/tex/latex/base/ifthen.sty))
(/usr/share/texlive/texmf-dist/tex/latex/l3backend/l3backend-pdfmode.def)
(./cixin_liu_1_BNr7-tangle.aux)
(/usr/share/texlive/texmf-dist/tex/context/base/mkii/supp-pdf.mkii
[Loading MPS to PDF converter (version 2006.09.02).]
)
Preview: Fontsize 10pt
Preview: PDFoutput 1
[1
Non-PDF special ignored!
<special> ps: /pssetRGBcolor /setrgbcolor load def /pssetCMYKcolor /setcmyk...
Non-PDF special ignored!
<special> ps:tx@Dict begin  gsave STV CP T /ps@rot 0 def grestore  end
Non-PDF special ignored!
<special> ps:tx@Dict begin  gsave STV CP T /ps@refangle 0.  def grestore  e...
{/var/lib/texmf/fonts/map/pdftex/updmap/pdftex.map}]
Overfull \vbox (12.94179pt too high) has occurred while \output is active
[2 <./cixin_liu_1_BNr7-tangle-pics.pdf>] (./cixin_liu_1_BNr7-tangle.aux) )
(see the transcript file for additional information)</usr/share/texlive/texmf-d
ist/fonts/type1/public/amsfonts/cm/cmss10.pfb></usr/share/texlive/texmf-dist/fo
nts/type1/public/amsfonts/cm/cmssbx10.pfb>
Output written on cixin_liu_1_BNr7-tangle.pdf (2 pages, 21959 bytes).
Transcript written on cixin_liu_1_BNr7-tangle.log.
