This is pdfTeX, Version 3.14159265-2.6-1.40.20 (TeX Live 2019/Debian) (preloaded format=pdflatex)
 \write18 enabled.
entering extended mode
(./asimov_3_Khr2_thumbs-tangle.tex
LaTeX2e <2020-02-02> patch level 2
L3 programming layer <2020-02-14>
(/usr/share/texlive/texmf-dist/tex/latex/base/article.cls
Document Class: article 2019/12/20 v1.4l Standard LaTeX document class
(/usr/share/texlive/texmf-dist/tex/latex/base/size10.clo))
(/usr/share/texlive/texmf-dist/tex/latex/auto-pst-pdf/auto-pst-pdf.sty
(/usr/share/texlive/texmf-dist/tex/generic/iftex/ifpdf.sty
(/usr/share/texlive/texmf-dist/tex/generic/iftex/iftex.sty))
(/usr/share/texlive/texmf-dist/tex/latex/xkeyval/xkeyval.sty
(/usr/share/texlive/texmf-dist/tex/generic/xkeyval/xkeyval.tex
(/usr/share/texlive/texmf-dist/tex/generic/xkeyval/xkvutils.tex
(/usr/share/texlive/texmf-dist/tex/generic/xkeyval/keyval.tex))))
(/usr/share/texlive/texmf-dist/tex/latex/ifplatform/ifplatform.sty
(/usr/share/texlive/texmf-dist/tex/latex/tools/shellesc.sty)
(/usr/share/texlive/texmf-dist/tex/latex/pdftexcmds/pdftexcmds.sty
(/usr/share/texlive/texmf-dist/tex/generic/infwarerr/infwarerr.sty)
(/usr/share/texlive/texmf-dist/tex/generic/ltxcmds/ltxcmds.sty))
(/usr/share/texlive/texmf-dist/tex/generic/catchfile/catchfile.sty
(/usr/share/texlive/texmf-dist/tex/generic/etexcmds/etexcmds.sty))
(/usr/share/texlive/texmf-dist/tex/generic/iftex/ifluatex.sty)
(./asimov_3_Khr2_thumbs-tangle.w18)) 
-------------------------------------------------
auto-pst-pdf: Auxiliary LaTeX compilation
-------------------------------------------------
This is pdfTeX, Version 3.14159265-2.6-1.40.20 (TeX Live 2019/Debian) (preloaded format=latex)
entering extended mode
This is dvips(k) 5.999 Copyright 2019 Radical Eye Software (www.radicaleye.com)
' TeX output 2020.07.14:1113' -> asimov_3_Khr2_thumbs-tangle-autopp.ps
</usr/share/texlive/texmf-dist/dvips/base/tex.pro>
</usr/share/texlive/texmf-dist/dvips/config/alt-rule.pro>
</usr/share/texlive/texmf-dist/dvips/pstricks/pstricks.pro>
</usr/share/texlive/texmf-dist/dvips/pstricks/pst-algparser.pro>
</usr/share/texlive/texmf-dist/dvips/pst-tools/pst-tools.pro>
</usr/share/texlive/texmf-dist/dvips/pstricks/pst-dots.pro>
</usr/share/texlive/texmf-dist/dvips/pst-node/pst-node.pro>
</usr/share/texlive/texmf-dist/dvips/base/special.pro>. [1] 
-------------------------------------------------
auto-pst-pdf: End auxiliary LaTeX compilation
-------------------------------------------------

(/usr/share/texlive/texmf-dist/tex/latex/pst-pdf/pst-pdf.sty
(/usr/share/texlive/texmf-dist/tex/generic/iftex/ifxetex.sty)
(/usr/share/texlive/texmf-dist/tex/generic/iftex/ifvtex.sty)
(/usr/share/texlive/texmf-dist/tex/generic/luatex85/luatex85.sty)
(/usr/share/texlive/texmf-dist/tex/latex/graphics/graphicx.sty
(/usr/share/texlive/texmf-dist/tex/latex/graphics/graphics.sty
(/usr/share/texlive/texmf-dist/tex/latex/graphics/trig.sty)
(/usr/share/texlive/texmf-dist/tex/latex/graphics-cfg/graphics.cfg)
(/usr/share/texlive/texmf-dist/tex/latex/graphics-def/pdftex.def)))
(/usr/share/texlive/texmf-dist/tex/latex/pstricks/pstricks.sty
(/usr/share/texlive/texmf-dist/tex/latex/xcolor/xcolor.sty
(/usr/share/texlive/texmf-dist/tex/latex/graphics-cfg/color.cfg))
(/usr/share/texlive/texmf-dist/tex/generic/xkeyval/pst-xkey.tex)
(/usr/share/texlive/texmf-dist/tex/generic/pstricks/pstricks.tex
(/usr/share/texlive/texmf-dist/tex/generic/pstricks/pst-fp.tex
`pst-fp' v0.05, 2010/01/17 (hv))
(/usr/share/texlive/texmf-dist/tex/generic/pgf/utilities/pgfutil-common.tex
(/usr/share/texlive/texmf-dist/tex/generic/pgf/utilities/pgfutil-common-lists.t
ex)) (/usr/share/texlive/texmf-dist/tex/generic/pgf/utilities/pgfkeys.code.tex
! Interruption.
\pgfkeys@unpack ...se \pgfkeys@add@path@as@needed 
                                                  \pgfkeys@spdef \pgfkeyscur...
l.799 ...eysaddvalue{\pgfkeyscurrentpath}{#1}{#2}}
                                                  
? Type <return> to proceed, S to scroll future error messages,
R to run without stopping, Q to run quietly,
I to insert something, E to edit your file,
H for help, X to quit.
? 
! Emergency stop.
\pgfkeys@unpack ...se \pgfkeys@add@path@as@needed 
                                                  \pgfkeys@spdef \pgfkeyscur...
l.799 ...eysaddvalue{\pgfkeyscurrentpath}{#1}{#2}}
                                                  
!  ==> Fatal error occurred, no output PDF file produced!
Transcript written on asimov_3_Khr2_thumbs-tangle.log.
